<?xml version="1.0" encoding="UTF-8"?>
<!-- Generated by org.testng.reporters.JUnitXMLReporter -->
<testsuite hostname="Gaurav-PC" ignored="0" name="Free Crm Application Test" tests="9" failures="0" timestamp="10 Oct 2018 12:07:21 GMT" time="172.906" errors="0">
  <testcase name="logintestTitleTest" time="0.027" classname="com.crm.qa.testcases.LoginPageTest"/>
  <testcase name="verifyhomepagetitleTest" time="0.011" classname="com.crm.qa.testcases.HomePageTest"/>
  <testcase name="CrmLogoTest" time="0.057" classname="com.crm.qa.testcases.LoginPageTest"/>
  <testcase name="verifyusernameTest" time="0.102" classname="com.crm.qa.testcases.HomePageTest"/>
  <testcase name="LoginTest" time="7.32" classname="com.crm.qa.testcases.LoginPageTest"/>
  <testcase name="verifycontactlinkTest" time="1.7" classname="com.crm.qa.testcases.HomePageTest"/>
  <testcase name="verifyDeallinkTest" time="7.774" classname="com.crm.qa.testcases.HomePageTest"/>
  <testcase name="verifytasklink" time="1.799" classname="com.crm.qa.testcases.HomePageTest"/>
  <testcase name="verifytexttasklink" time="1.632" classname="com.crm.qa.testcases.HomePageTest"/>
</testsuite> <!-- Free Crm Application Test -->
