<?xml version="1.0" encoding="UTF-8"?>
<!-- Generated by org.testng.reporters.JUnitXMLReporter -->
<testsuite hostname="Gaurav-PC" ignored="0" name="Free Crm Application Regression Test" tests="9" failures="0" timestamp="12 Oct 2018 07:11:32 GMT" time="144.381" errors="0">
  <testcase name="logintestTitleTest" time="0.027" classname="com.crm.qa.testcases.LoginPageTest"/>
  <testcase name="verifyhomepagetitleTest" time="0.009" classname="com.crm.qa.testcases.HomePageTest"/>
  <testcase name="CrmLogoTest" time="0.051" classname="com.crm.qa.testcases.LoginPageTest"/>
  <testcase name="verifyusernameTest" time="0.088" classname="com.crm.qa.testcases.HomePageTest"/>
  <testcase name="LoginTest" time="5.0" classname="com.crm.qa.testcases.LoginPageTest"/>
  <testcase name="verifycontactlinkTest" time="1.565" classname="com.crm.qa.testcases.HomePageTest"/>
  <testcase name="verifyDeallinkTest" time="3.098" classname="com.crm.qa.testcases.HomePageTest"/>
  <testcase name="verifytasklink" time="1.39" classname="com.crm.qa.testcases.HomePageTest"/>
  <testcase name="verifytexttasklink" time="2.162" classname="com.crm.qa.testcases.HomePageTest"/>
</testsuite> <!-- Free Crm Application Regression Test -->
