<?xml version="1.0" encoding="UTF-8"?>
<!-- Generated by org.testng.reporters.JUnitXMLReporter -->
<testsuite hostname="Gaurav-PC" ignored="0" name="Default test" tests="9" failures="0" timestamp="09 Oct 2018 12:03:34 GMT" time="145.1" errors="0">
  <testcase name="verifyhomepagetitleTest" time="0.02" classname="com.crm.qa.testcases.HomePageTest"/>
  <testcase name="logintestTitleTest" time="0.011" classname="com.crm.qa.testcases.LoginPageTest"/>
  <testcase name="verifyusernameTest" time="0.088" classname="com.crm.qa.testcases.HomePageTest"/>
  <testcase name="CrmLogoTest" time="0.047" classname="com.crm.qa.testcases.LoginPageTest"/>
  <testcase name="verifycontactlinkTest" time="1.52" classname="com.crm.qa.testcases.HomePageTest"/>
  <testcase name="LoginTest" time="5.932" classname="com.crm.qa.testcases.LoginPageTest"/>
  <testcase name="verifyDeallinkTest" time="1.49" classname="com.crm.qa.testcases.HomePageTest"/>
  <testcase name="verifytasklink" time="1.574" classname="com.crm.qa.testcases.HomePageTest"/>
  <testcase name="verifytexttasklink" time="1.539" classname="com.crm.qa.testcases.HomePageTest"/>
</testsuite> <!-- Default test -->
