<?xml version="1.0" encoding="UTF-8"?>
<!-- Generated by org.testng.reporters.JUnitXMLReporter -->
<testsuite hostname="Gaurav-PC" ignored="0" name="Command line test" tests="9" failures="0" timestamp="13 Oct 2018 11:23:07 GMT" time="188.373" errors="0">
  <testcase name="verifyhomepagetitleTest" time="0.01" classname="com.crm.qa.testcases.HomePageTest"/>
  <testcase name="logintestTitleTest" time="0.012" classname="com.crm.qa.testcases.LoginPageTest"/>
  <testcase name="verifyusernameTest" time="0.11" classname="com.crm.qa.testcases.HomePageTest"/>
  <testcase name="CrmLogoTest" time="0.048" classname="com.crm.qa.testcases.LoginPageTest"/>
  <testcase name="verifycontactlinkTest" time="1.647" classname="com.crm.qa.testcases.HomePageTest"/>
  <testcase name="LoginTest" time="8.608" classname="com.crm.qa.testcases.LoginPageTest"/>
  <testcase name="verifyDeallinkTest" time="1.514" classname="com.crm.qa.testcases.HomePageTest"/>
  <testcase name="verifytasklink" time="3.277" classname="com.crm.qa.testcases.HomePageTest"/>
  <testcase name="verifytexttasklink" time="3.417" classname="com.crm.qa.testcases.HomePageTest"/>
</testsuite> <!-- Command line test -->
