<?xml version="1.0" encoding="UTF-8"?>
<testng-results skipped="0" failed="0" ignored="0" total="9" passed="9">
  <reporter-output>
  </reporter-output>
  <suite name="Command line suite" duration-ms="188373" started-at="2018-10-13T11:19:58Z" finished-at="2018-10-13T11:23:07Z">
    <groups>
    </groups>
    <test name="Command line test" duration-ms="188373" started-at="2018-10-13T11:19:58Z" finished-at="2018-10-13T11:23:07Z">
      <class name="com.crm.qa.testcases.HomePageTest">
        <test-method status="PASS" signature="setup()[pri:0, instance:com.crm.qa.testcases.HomePageTest@2ed94a8b]" name="setup" is-config="true" duration-ms="28504" started-at="2018-10-13T16:49:58Z" finished-at="2018-10-13T16:50:27Z">
          <reporter-output>
          </reporter-output>
        </test-method> <!-- setup -->
        <test-method status="PASS" signature="verifyhomepagetitleTest()[pri:1, instance:com.crm.qa.testcases.HomePageTest@2ed94a8b]" name="verifyhomepagetitleTest" duration-ms="10" started-at="2018-10-13T16:50:27Z" finished-at="2018-10-13T16:50:27Z">
          <reporter-output>
          </reporter-output>
        </test-method> <!-- verifyhomepagetitleTest -->
        <test-method status="PASS" signature="teardown()[pri:0, instance:com.crm.qa.testcases.HomePageTest@2ed94a8b]" name="teardown" is-config="true" duration-ms="706" started-at="2018-10-13T16:50:27Z" finished-at="2018-10-13T16:50:28Z">
          <reporter-output>
          </reporter-output>
        </test-method> <!-- teardown -->
        <test-method status="PASS" signature="setup()[pri:0, instance:com.crm.qa.testcases.HomePageTest@2ed94a8b]" name="setup" is-config="true" duration-ms="17270" started-at="2018-10-13T16:50:39Z" finished-at="2018-10-13T16:50:57Z">
          <reporter-output>
          </reporter-output>
        </test-method> <!-- setup -->
        <test-method status="PASS" signature="verifyusernameTest()[pri:2, instance:com.crm.qa.testcases.HomePageTest@2ed94a8b]" name="verifyusernameTest" duration-ms="110" started-at="2018-10-13T16:50:57Z" finished-at="2018-10-13T16:50:57Z">
          <reporter-output>
          </reporter-output>
        </test-method> <!-- verifyusernameTest -->
        <test-method status="PASS" signature="teardown()[pri:0, instance:com.crm.qa.testcases.HomePageTest@2ed94a8b]" name="teardown" is-config="true" duration-ms="726" started-at="2018-10-13T16:50:57Z" finished-at="2018-10-13T16:50:58Z">
          <reporter-output>
          </reporter-output>
        </test-method> <!-- teardown -->
        <test-method status="PASS" signature="setup()[pri:0, instance:com.crm.qa.testcases.HomePageTest@2ed94a8b]" name="setup" is-config="true" duration-ms="20728" started-at="2018-10-13T16:51:11Z" finished-at="2018-10-13T16:51:32Z">
          <reporter-output>
          </reporter-output>
        </test-method> <!-- setup -->
        <test-method status="PASS" signature="verifycontactlinkTest()[pri:3, instance:com.crm.qa.testcases.HomePageTest@2ed94a8b]" name="verifycontactlinkTest" duration-ms="1647" started-at="2018-10-13T16:51:32Z" finished-at="2018-10-13T16:51:34Z">
          <reporter-output>
          </reporter-output>
        </test-method> <!-- verifycontactlinkTest -->
        <test-method status="PASS" signature="teardown()[pri:0, instance:com.crm.qa.testcases.HomePageTest@2ed94a8b]" name="teardown" is-config="true" duration-ms="709" started-at="2018-10-13T16:51:34Z" finished-at="2018-10-13T16:51:34Z">
          <reporter-output>
          </reporter-output>
        </test-method> <!-- teardown -->
        <test-method status="PASS" signature="setup()[pri:0, instance:com.crm.qa.testcases.HomePageTest@2ed94a8b]" name="setup" is-config="true" duration-ms="23488" started-at="2018-10-13T16:51:54Z" finished-at="2018-10-13T16:52:17Z">
          <reporter-output>
          </reporter-output>
        </test-method> <!-- setup -->
        <test-method status="PASS" signature="verifyDeallinkTest()[pri:4, instance:com.crm.qa.testcases.HomePageTest@2ed94a8b]" name="verifyDeallinkTest" duration-ms="1514" started-at="2018-10-13T16:52:17Z" finished-at="2018-10-13T16:52:19Z">
          <reporter-output>
          </reporter-output>
        </test-method> <!-- verifyDeallinkTest -->
        <test-method status="PASS" signature="teardown()[pri:0, instance:com.crm.qa.testcases.HomePageTest@2ed94a8b]" name="teardown" is-config="true" duration-ms="698" started-at="2018-10-13T16:52:19Z" finished-at="2018-10-13T16:52:19Z">
          <reporter-output>
          </reporter-output>
        </test-method> <!-- teardown -->
        <test-method status="PASS" signature="setup()[pri:0, instance:com.crm.qa.testcases.HomePageTest@2ed94a8b]" name="setup" is-config="true" duration-ms="20564" started-at="2018-10-13T16:52:19Z" finished-at="2018-10-13T16:52:40Z">
          <reporter-output>
          </reporter-output>
        </test-method> <!-- setup -->
        <test-method status="PASS" signature="verifytasklink()[pri:5, instance:com.crm.qa.testcases.HomePageTest@2ed94a8b]" name="verifytasklink" duration-ms="3277" started-at="2018-10-13T16:52:40Z" finished-at="2018-10-13T16:52:43Z">
          <reporter-output>
          </reporter-output>
        </test-method> <!-- verifytasklink -->
        <test-method status="PASS" signature="teardown()[pri:0, instance:com.crm.qa.testcases.HomePageTest@2ed94a8b]" name="teardown" is-config="true" duration-ms="722" started-at="2018-10-13T16:52:43Z" finished-at="2018-10-13T16:52:44Z">
          <reporter-output>
          </reporter-output>
        </test-method> <!-- teardown -->
        <test-method status="PASS" signature="setup()[pri:0, instance:com.crm.qa.testcases.HomePageTest@2ed94a8b]" name="setup" is-config="true" duration-ms="18532" started-at="2018-10-13T16:52:44Z" finished-at="2018-10-13T16:53:03Z">
          <reporter-output>
          </reporter-output>
        </test-method> <!-- setup -->
        <test-method status="PASS" signature="verifytexttasklink()[pri:6, instance:com.crm.qa.testcases.HomePageTest@2ed94a8b]" name="verifytexttasklink" duration-ms="3417" started-at="2018-10-13T16:53:03Z" finished-at="2018-10-13T16:53:06Z">
          <reporter-output>
          </reporter-output>
        </test-method> <!-- verifytexttasklink -->
        <test-method status="PASS" signature="teardown()[pri:0, instance:com.crm.qa.testcases.HomePageTest@2ed94a8b]" name="teardown" is-config="true" duration-ms="702" started-at="2018-10-13T16:53:06Z" finished-at="2018-10-13T16:53:07Z">
          <reporter-output>
          </reporter-output>
        </test-method> <!-- teardown -->
      </class> <!-- com.crm.qa.testcases.HomePageTest -->
      <class name="com.crm.qa.testcases.LoginPageTest">
        <test-method status="PASS" signature="setup()[pri:0, instance:com.crm.qa.testcases.LoginPageTest@38082d64]" name="setup" is-config="true" duration-ms="11118" started-at="2018-10-13T16:50:28Z" finished-at="2018-10-13T16:50:39Z">
          <reporter-output>
          </reporter-output>
        </test-method> <!-- setup -->
        <test-method status="PASS" signature="logintestTitleTest()[pri:1, instance:com.crm.qa.testcases.LoginPageTest@38082d64]" name="logintestTitleTest" duration-ms="12" started-at="2018-10-13T16:50:39Z" finished-at="2018-10-13T16:50:39Z">
          <reporter-output>
          </reporter-output>
        </test-method> <!-- logintestTitleTest -->
        <test-method status="PASS" signature="teardown()[pri:0, instance:com.crm.qa.testcases.LoginPageTest@38082d64]" name="teardown" is-config="true" duration-ms="701" started-at="2018-10-13T16:50:39Z" finished-at="2018-10-13T16:50:39Z">
          <reporter-output>
          </reporter-output>
        </test-method> <!-- teardown -->
        <test-method status="PASS" signature="setup()[pri:0, instance:com.crm.qa.testcases.LoginPageTest@38082d64]" name="setup" is-config="true" duration-ms="12958" started-at="2018-10-13T16:50:58Z" finished-at="2018-10-13T16:51:10Z">
          <reporter-output>
          </reporter-output>
        </test-method> <!-- setup -->
        <test-method status="PASS" signature="CrmLogoTest()[pri:2, instance:com.crm.qa.testcases.LoginPageTest@38082d64]" name="CrmLogoTest" duration-ms="48" started-at="2018-10-13T16:51:10Z" finished-at="2018-10-13T16:51:11Z">
          <reporter-output>
          </reporter-output>
        </test-method> <!-- CrmLogoTest -->
        <test-method status="PASS" signature="teardown()[pri:0, instance:com.crm.qa.testcases.LoginPageTest@38082d64]" name="teardown" is-config="true" duration-ms="707" started-at="2018-10-13T16:51:11Z" finished-at="2018-10-13T16:51:11Z">
          <reporter-output>
          </reporter-output>
        </test-method> <!-- teardown -->
        <test-method status="PASS" signature="setup()[pri:0, instance:com.crm.qa.testcases.LoginPageTest@38082d64]" name="setup" is-config="true" duration-ms="10149" started-at="2018-10-13T16:51:34Z" finished-at="2018-10-13T16:51:44Z">
          <reporter-output>
          </reporter-output>
        </test-method> <!-- setup -->
        <test-method status="PASS" signature="LoginTest()[pri:3, instance:com.crm.qa.testcases.LoginPageTest@38082d64]" name="LoginTest" duration-ms="8608" started-at="2018-10-13T16:51:44Z" finished-at="2018-10-13T16:51:53Z">
          <reporter-output>
          </reporter-output>
        </test-method> <!-- LoginTest -->
        <test-method status="PASS" signature="teardown()[pri:0, instance:com.crm.qa.testcases.LoginPageTest@38082d64]" name="teardown" is-config="true" duration-ms="712" started-at="2018-10-13T16:51:53Z" finished-at="2018-10-13T16:51:54Z">
          <reporter-output>
          </reporter-output>
        </test-method> <!-- teardown -->
      </class> <!-- com.crm.qa.testcases.LoginPageTest -->
    </test> <!-- Command line test -->
  </suite> <!-- Command line suite -->
</testng-results>
