<?xml version="1.0" encoding="UTF-8"?>
<testng-results skipped="0" failed="0" ignored="0" total="9" passed="9">
  <reporter-output>
  </reporter-output>
  <suite name="Free CRM application Test Automation test Suite" duration-ms="144381" started-at="2018-10-12T07:09:08Z" finished-at="2018-10-12T07:11:32Z">
    <groups>
    </groups>
    <test name="Free Crm Application Regression Test" duration-ms="144381" started-at="2018-10-12T07:09:08Z" finished-at="2018-10-12T07:11:32Z">
      <class name="com.crm.qa.testcases.HomePageTest">
        <test-method status="PASS" signature="setup()[pri:0, instance:com.crm.qa.testcases.HomePageTest@ae45eb6]" name="setup" is-config="true" duration-ms="16358" started-at="2018-10-12T12:39:21Z" finished-at="2018-10-12T12:39:37Z">
          <reporter-output>
          </reporter-output>
        </test-method> <!-- setup -->
        <test-method status="PASS" signature="verifyhomepagetitleTest()[pri:1, instance:com.crm.qa.testcases.HomePageTest@ae45eb6]" name="verifyhomepagetitleTest" duration-ms="9" started-at="2018-10-12T12:39:37Z" finished-at="2018-10-12T12:39:37Z">
          <reporter-output>
          </reporter-output>
        </test-method> <!-- verifyhomepagetitleTest -->
        <test-method status="PASS" signature="teardown()[pri:0, instance:com.crm.qa.testcases.HomePageTest@ae45eb6]" name="teardown" is-config="true" duration-ms="767" started-at="2018-10-12T12:39:37Z" finished-at="2018-10-12T12:39:38Z">
          <reporter-output>
          </reporter-output>
        </test-method> <!-- teardown -->
        <test-method status="PASS" signature="setup()[pri:0, instance:com.crm.qa.testcases.HomePageTest@ae45eb6]" name="setup" is-config="true" duration-ms="14469" started-at="2018-10-12T12:39:48Z" finished-at="2018-10-12T12:40:03Z">
          <reporter-output>
          </reporter-output>
        </test-method> <!-- setup -->
        <test-method status="PASS" signature="verifyusernameTest()[pri:2, instance:com.crm.qa.testcases.HomePageTest@ae45eb6]" name="verifyusernameTest" duration-ms="88" started-at="2018-10-12T12:40:03Z" finished-at="2018-10-12T12:40:03Z">
          <reporter-output>
          </reporter-output>
        </test-method> <!-- verifyusernameTest -->
        <test-method status="PASS" signature="teardown()[pri:0, instance:com.crm.qa.testcases.HomePageTest@ae45eb6]" name="teardown" is-config="true" duration-ms="765" started-at="2018-10-12T12:40:03Z" finished-at="2018-10-12T12:40:04Z">
          <reporter-output>
          </reporter-output>
        </test-method> <!-- teardown -->
        <test-method status="PASS" signature="setup()[pri:0, instance:com.crm.qa.testcases.HomePageTest@ae45eb6]" name="setup" is-config="true" duration-ms="14571" started-at="2018-10-12T12:40:19Z" finished-at="2018-10-12T12:40:34Z">
          <reporter-output>
          </reporter-output>
        </test-method> <!-- setup -->
        <test-method status="PASS" signature="verifycontactlinkTest()[pri:3, instance:com.crm.qa.testcases.HomePageTest@ae45eb6]" name="verifycontactlinkTest" duration-ms="1565" started-at="2018-10-12T12:40:34Z" finished-at="2018-10-12T12:40:35Z">
          <reporter-output>
          </reporter-output>
        </test-method> <!-- verifycontactlinkTest -->
        <test-method status="PASS" signature="teardown()[pri:0, instance:com.crm.qa.testcases.HomePageTest@ae45eb6]" name="teardown" is-config="true" duration-ms="759" started-at="2018-10-12T12:40:35Z" finished-at="2018-10-12T12:40:36Z">
          <reporter-output>
          </reporter-output>
        </test-method> <!-- teardown -->
        <test-method status="PASS" signature="setup()[pri:0, instance:com.crm.qa.testcases.HomePageTest@ae45eb6]" name="setup" is-config="true" duration-ms="16141" started-at="2018-10-12T12:40:36Z" finished-at="2018-10-12T12:40:52Z">
          <reporter-output>
          </reporter-output>
        </test-method> <!-- setup -->
        <test-method status="PASS" signature="verifyDeallinkTest()[pri:4, instance:com.crm.qa.testcases.HomePageTest@ae45eb6]" name="verifyDeallinkTest" duration-ms="3098" started-at="2018-10-12T12:40:52Z" finished-at="2018-10-12T12:40:55Z">
          <reporter-output>
          </reporter-output>
        </test-method> <!-- verifyDeallinkTest -->
        <test-method status="PASS" signature="teardown()[pri:0, instance:com.crm.qa.testcases.HomePageTest@ae45eb6]" name="teardown" is-config="true" duration-ms="814" started-at="2018-10-12T12:40:55Z" finished-at="2018-10-12T12:40:56Z">
          <reporter-output>
          </reporter-output>
        </test-method> <!-- teardown -->
        <test-method status="PASS" signature="setup()[pri:0, instance:com.crm.qa.testcases.HomePageTest@ae45eb6]" name="setup" is-config="true" duration-ms="14862" started-at="2018-10-12T12:40:56Z" finished-at="2018-10-12T12:41:11Z">
          <reporter-output>
          </reporter-output>
        </test-method> <!-- setup -->
        <test-method status="PASS" signature="verifytasklink()[pri:5, instance:com.crm.qa.testcases.HomePageTest@ae45eb6]" name="verifytasklink" duration-ms="1390" started-at="2018-10-12T12:41:11Z" finished-at="2018-10-12T12:41:12Z">
          <reporter-output>
          </reporter-output>
        </test-method> <!-- verifytasklink -->
        <test-method status="PASS" signature="teardown()[pri:0, instance:com.crm.qa.testcases.HomePageTest@ae45eb6]" name="teardown" is-config="true" duration-ms="746" started-at="2018-10-12T12:41:12Z" finished-at="2018-10-12T12:41:13Z">
          <reporter-output>
          </reporter-output>
        </test-method> <!-- teardown -->
        <test-method status="PASS" signature="setup()[pri:0, instance:com.crm.qa.testcases.HomePageTest@ae45eb6]" name="setup" is-config="true" duration-ms="15884" started-at="2018-10-12T12:41:13Z" finished-at="2018-10-12T12:41:29Z">
          <reporter-output>
          </reporter-output>
        </test-method> <!-- setup -->
        <test-method status="PASS" signature="verifytexttasklink()[pri:6, instance:com.crm.qa.testcases.HomePageTest@ae45eb6]" name="verifytexttasklink" duration-ms="2162" started-at="2018-10-12T12:41:29Z" finished-at="2018-10-12T12:41:31Z">
          <reporter-output>
          </reporter-output>
        </test-method> <!-- verifytexttasklink -->
        <test-method status="PASS" signature="teardown()[pri:0, instance:com.crm.qa.testcases.HomePageTest@ae45eb6]" name="teardown" is-config="true" duration-ms="848" started-at="2018-10-12T12:41:31Z" finished-at="2018-10-12T12:41:32Z">
          <reporter-output>
          </reporter-output>
        </test-method> <!-- teardown -->
      </class> <!-- com.crm.qa.testcases.HomePageTest -->
      <class name="com.crm.qa.testcases.LoginPageTest">
        <test-method status="PASS" signature="setup()[pri:0, instance:com.crm.qa.testcases.LoginPageTest@68c4039c]" name="setup" is-config="true" duration-ms="12223" started-at="2018-10-12T12:39:08Z" finished-at="2018-10-12T12:39:20Z">
          <reporter-output>
          </reporter-output>
        </test-method> <!-- setup -->
        <test-method status="PASS" signature="logintestTitleTest()[pri:1, instance:com.crm.qa.testcases.LoginPageTest@68c4039c]" name="logintestTitleTest" duration-ms="27" started-at="2018-10-12T12:39:20Z" finished-at="2018-10-12T12:39:20Z">
          <reporter-output>
          </reporter-output>
        </test-method> <!-- logintestTitleTest -->
        <test-method status="PASS" signature="teardown()[pri:0, instance:com.crm.qa.testcases.LoginPageTest@68c4039c]" name="teardown" is-config="true" duration-ms="861" started-at="2018-10-12T12:39:20Z" finished-at="2018-10-12T12:39:21Z">
          <reporter-output>
          </reporter-output>
        </test-method> <!-- teardown -->
        <test-method status="PASS" signature="setup()[pri:0, instance:com.crm.qa.testcases.LoginPageTest@68c4039c]" name="setup" is-config="true" duration-ms="9626" started-at="2018-10-12T12:39:38Z" finished-at="2018-10-12T12:39:48Z">
          <reporter-output>
          </reporter-output>
        </test-method> <!-- setup -->
        <test-method status="PASS" signature="CrmLogoTest()[pri:2, instance:com.crm.qa.testcases.LoginPageTest@68c4039c]" name="CrmLogoTest" duration-ms="51" started-at="2018-10-12T12:39:48Z" finished-at="2018-10-12T12:39:48Z">
          <reporter-output>
          </reporter-output>
        </test-method> <!-- CrmLogoTest -->
        <test-method status="PASS" signature="teardown()[pri:0, instance:com.crm.qa.testcases.LoginPageTest@68c4039c]" name="teardown" is-config="true" duration-ms="801" started-at="2018-10-12T12:39:48Z" finished-at="2018-10-12T12:39:48Z">
          <reporter-output>
          </reporter-output>
        </test-method> <!-- teardown -->
        <test-method status="PASS" signature="setup()[pri:0, instance:com.crm.qa.testcases.LoginPageTest@68c4039c]" name="setup" is-config="true" duration-ms="9714" started-at="2018-10-12T12:40:04Z" finished-at="2018-10-12T12:40:14Z">
          <reporter-output>
          </reporter-output>
        </test-method> <!-- setup -->
        <test-method status="PASS" signature="LoginTest()[pri:3, instance:com.crm.qa.testcases.LoginPageTest@68c4039c]" name="LoginTest" duration-ms="5000" started-at="2018-10-12T12:40:14Z" finished-at="2018-10-12T12:40:19Z">
          <reporter-output>
          </reporter-output>
        </test-method> <!-- LoginTest -->
        <test-method status="PASS" signature="teardown()[pri:0, instance:com.crm.qa.testcases.LoginPageTest@68c4039c]" name="teardown" is-config="true" duration-ms="706" started-at="2018-10-12T12:40:19Z" finished-at="2018-10-12T12:40:19Z">
          <reporter-output>
          </reporter-output>
        </test-method> <!-- teardown -->
      </class> <!-- com.crm.qa.testcases.LoginPageTest -->
    </test> <!-- Free Crm Application Regression Test -->
  </suite> <!-- Free CRM application Test Automation test Suite -->
</testng-results>
